c:\users\xuan\documents\github\studycpp\studycpp\debug\vc120.pdb
c:\users\xuan\documents\github\studycpp\studycpp\debug\vc120.idb
c:\users\xuan\documents\github\studycpp\studycpp\debug\dm01.obj
c:\users\xuan\documents\github\studycpp\studycpp\debug\dm02_构造函数.obj
c:\users\xuan\documents\github\studycpp\studycpp\debug\dm03_成员函数.obj
c:\users\xuan\documents\github\studycpp\studycpp\debug\dm04_重载运算符.obj
c:\users\xuan\documents\github\studycpp\studycpp\debug\dm05_继承中成员访问权.obj
c:\users\xuan\documents\github\studycpp\studycpp\debug\dm06_继承中指针引用.obj
c:\users\xuan\documents\github\studycpp\studycpp\debug\dm07_多态.obj
c:\users\xuan\documents\github\studycpp\studycpp\debug\dm08_调用动态库.obj
c:\users\xuan\documents\github\studycpp\studycpp\debug\dm09_父类调用子类成员函数.obj
c:\users\xuan\documents\github\studycpp\studycpp\debug\dm10_字符串之间的判断.obj
c:\users\xuan\documents\github\studycpp\studycpp\debug\dm11_string类型转int.obj
c:\users\xuan\documents\github\studycpp\debug\studycpp.ilk
c:\users\xuan\documents\github\studycpp\debug\studycpp.exe
c:\users\xuan\documents\github\studycpp\debug\studycpp.pdb
c:\users\xuan\documents\github\studycpp\studycpp\debug\studycpp.tlog\cl.command.1.tlog
c:\users\xuan\documents\github\studycpp\studycpp\debug\studycpp.tlog\cl.read.1.tlog
c:\users\xuan\documents\github\studycpp\studycpp\debug\studycpp.tlog\cl.write.1.tlog
c:\users\xuan\documents\github\studycpp\studycpp\debug\studycpp.tlog\link.command.1.tlog
c:\users\xuan\documents\github\studycpp\studycpp\debug\studycpp.tlog\link.read.1.tlog
c:\users\xuan\documents\github\studycpp\studycpp\debug\studycpp.tlog\link.write.1.tlog
